[2024-06-29T13:13:02.451481+00:00] api_logger.INFO: Fetching users [] []
[2024-06-29T13:13:08.963191+00:00] api_logger.INFO: Saving user [] []
[2024-06-29T13:13:08.965688+00:00] api_logger.INFO: User data: null [] []
[2024-06-29T13:13:08.965793+00:00] api_logger.ERROR: Error saving user: Invalid request data: null [] []
[2024-06-29T13:13:09.041696+00:00] api_logger.INFO: Fetching users [] []
[2024-06-29T13:16:04.321491+00:00] api_logger.INFO: Fetching users [] []
[2024-06-29T13:16:14.290804+00:00] api_logger.INFO: Fetching users [] []
[2024-06-29T13:16:16.688264+00:00] api_logger.INFO: Fetching users [] []
[2024-06-29T13:16:21.221436+00:00] api_logger.INFO: Saving user [] []
[2024-06-29T13:16:21.223404+00:00] api_logger.INFO: User data: {"name":"Youssef","email":"y.tamer222@gmail.com"} [] []
[2024-06-29T13:16:21.281374+00:00] api_logger.INFO: User saved: {"name":"Youssef","email":"y.tamer222@gmail.com","id":6} [] []
[2024-06-29T13:16:21.386469+00:00] api_logger.INFO: Fetching users [] []
[2024-06-29T13:16:31.553468+00:00] api_logger.INFO: Fetching users [] []
[2024-06-29T13:16:42.701869+00:00] api_logger.INFO: Updating user with ID: 5 [] []
[2024-06-29T13:16:42.703945+00:00] api_logger.INFO: Update data: {"name":"test3","email":"tester@test.com"} [] []
[2024-06-29T13:16:42.745843+00:00] api_logger.INFO: User updated: {"id":5,"name":"test3","email":"tester@test.com"} [] []
[2024-06-29T13:16:42.830333+00:00] api_logger.INFO: Fetching users [] []
[2024-06-29T13:19:57.378039+00:00] api_logger.INFO: Fetching users [] []
[2024-06-29T13:20:22.709570+00:00] api_logger.INFO: Fetching users [] []
[2024-06-29T13:20:30.986257+00:00] api_logger.INFO: Fetching users [] []
[2024-06-29T13:20:47.832444+00:00] api_logger.INFO: Saving user [] []
[2024-06-29T13:20:47.834756+00:00] api_logger.INFO: User data: {"name":"Youssef","email":"y.tamer222@gmail.com"} [] []
[2024-06-29T13:20:47.896926+00:00] api_logger.INFO: User saved: {"name":"Youssef","email":"y.tamer222@gmail.com","id":7} [] []
[2024-06-29T13:20:47.976118+00:00] api_logger.INFO: Fetching users [] []
[2024-06-29T13:21:08.284999+00:00] api_logger.INFO: Fetching users [] []
[2024-06-29T13:22:13.594124+00:00] api_logger.INFO: Fetching users [] []
[2024-06-29T13:22:16.462222+00:00] api_logger.INFO: Deleting user with ID: 7 [] []
[2024-06-29T13:22:16.518595+00:00] api_logger.INFO: User deleted with ID: 7 [] []
[2024-06-29T13:22:20.024140+00:00] api_logger.INFO: Deleting user with ID: 6 [] []
[2024-06-29T13:22:20.089842+00:00] api_logger.INFO: User deleted with ID: 6 [] []
[2024-06-29T13:22:21.334163+00:00] api_logger.INFO: Deleting user with ID: 5 [] []
[2024-06-29T13:22:21.381702+00:00] api_logger.INFO: User deleted with ID: 5 [] []
[2024-06-29T13:22:22.554644+00:00] api_logger.INFO: Deleting user with ID: 3 [] []
[2024-06-29T13:22:22.615408+00:00] api_logger.INFO: User deleted with ID: 3 [] []
[2024-06-29T13:24:21.817083+00:00] api_logger.INFO: Fetching users [] []
[2024-06-29T13:24:41.395273+00:00] api_logger.INFO: Fetching users [] []
[2024-06-29T13:24:47.841508+00:00] api_logger.INFO: Saving user [] []
[2024-06-29T13:24:47.843929+00:00] api_logger.INFO: User data: {"name":"Youssef","email":"y.tamer222@gmail.com"} [] []
[2024-06-29T13:24:47.909460+00:00] api_logger.INFO: User saved: {"name":"Youssef","email":"y.tamer222@gmail.com","id":8} [] []
[2024-06-29T13:24:48.000450+00:00] api_logger.INFO: Fetching users [] []
[2024-06-29T13:24:56.674423+00:00] api_logger.INFO: Updating user with ID: 8 [] []
[2024-06-29T13:24:56.677099+00:00] api_logger.INFO: Update data: {"name":"YoussefT","email":"y.tamer222@gmail.com"} [] []
[2024-06-29T13:24:56.747749+00:00] api_logger.INFO: User updated: {"id":8,"name":"YoussefT","email":"y.tamer222@gmail.com"} [] []
[2024-06-29T13:24:56.838510+00:00] api_logger.INFO: Fetching users [] []
[2024-06-29T13:25:11.926657+00:00] api_logger.INFO: Deleting user with ID: 8 [] []
[2024-06-29T13:25:11.987908+00:00] api_logger.INFO: User deleted with ID: 8 [] []
[2024-06-29T13:25:23.638048+00:00] api_logger.INFO: Saving user [] []
[2024-06-29T13:25:23.640065+00:00] api_logger.INFO: User data: {"name":"Youssef","email":"y.tamer99@yahoo.com"} [] []
[2024-06-29T13:25:23.704142+00:00] api_logger.INFO: User saved: {"name":"Youssef","email":"y.tamer99@yahoo.com","id":9} [] []
[2024-06-29T13:25:23.779103+00:00] api_logger.INFO: Fetching users [] []
[2024-06-29T13:25:27.770388+00:00] api_logger.INFO: Saving user [] []
[2024-06-29T13:25:27.772125+00:00] api_logger.INFO: User data: {"name":"chicken","email":"y.tamer99@yahoo.com"} [] []
[2024-06-29T13:25:27.838549+00:00] api_logger.INFO: User saved: {"name":"chicken","email":"y.tamer99@yahoo.com","id":10} [] []
[2024-06-29T13:25:27.914809+00:00] api_logger.INFO: Fetching users [] []
[2024-06-29T13:25:31.089994+00:00] api_logger.INFO: Deleting user with ID: 10 [] []
[2024-06-29T13:25:31.133026+00:00] api_logger.INFO: User deleted with ID: 10 [] []
[2024-06-29T13:25:53.581821+00:00] api_logger.INFO: Saving user [] []
[2024-06-29T13:25:53.583625+00:00] api_logger.INFO: User data: {"name":"wish I chose medicine ","email":"youssef.ezzat@graduate.utm.my"} [] []
[2024-06-29T13:25:53.625194+00:00] api_logger.INFO: User saved: {"name":"wish I chose medicine ","email":"youssef.ezzat@graduate.utm.my","id":11} [] []
[2024-06-29T13:25:53.704648+00:00] api_logger.INFO: Fetching users [] []
[2024-06-29T13:26:25.098557+00:00] api_logger.INFO: Saving user [] []
[2024-06-29T13:26:25.100836+00:00] api_logger.INFO: User data: {"name":"testers","email":"testerd@test.com"} [] []
[2024-06-29T13:26:25.159434+00:00] api_logger.INFO: User saved: {"name":"testers","email":"testerd@test.com","id":12} [] []
[2024-06-29T13:26:25.231751+00:00] api_logger.INFO: Fetching users [] []
[2024-06-29T13:29:09.131824+00:00] api_logger.INFO: Fetching users [] []
[2024-06-29T13:29:10.806469+00:00] api_logger.INFO: Fetching users [] []
[2024-06-29T13:29:22.243260+00:00] api_logger.INFO: Saving user [] []
[2024-06-29T13:29:22.245631+00:00] api_logger.INFO: User data: {"name":"Chicken","email":"chicken@chicken.com"} [] []
[2024-06-29T13:29:22.285059+00:00] api_logger.INFO: User saved: {"name":"Chicken","email":"chicken@chicken.com","id":13} [] []
[2024-06-29T13:29:22.361423+00:00] api_logger.INFO: Fetching users [] []
[2024-06-29T13:29:24.313225+00:00] api_logger.INFO: Fetching users [] []
[2024-06-29T13:29:28.305208+00:00] api_logger.INFO: Updating user with ID: 13 [] []
[2024-06-29T13:29:28.306900+00:00] api_logger.INFO: Update data: {"name":"Chickens","email":"chicken@chicken.com"} [] []
[2024-06-29T13:29:28.364146+00:00] api_logger.INFO: User updated: {"id":13,"name":"Chickens","email":"chicken@chicken.com"} [] []
[2024-06-29T13:29:28.444488+00:00] api_logger.INFO: Fetching users [] []
[2024-06-29T13:29:30.966007+00:00] api_logger.INFO: Fetching users [] []
[2024-06-29T13:51:51.273159+00:00] api_logger.INFO: Fetching users [] []
[2024-06-29T13:51:55.151736+00:00] api_logger.INFO: Fetching users [] []
[2024-06-29T13:53:46.525873+00:00] api_logger.INFO: Fetching users [] []
[2024-06-29T13:53:49.452993+00:00] api_logger.INFO: Fetching users [] []
[2024-06-29T13:54:49.800575+00:00] api_logger.INFO: Fetching users [] []
[2024-06-29T13:54:53.430416+00:00] api_logger.INFO: Fetching users [] []
